<?xml version="1.0" encoding="utf-8"?><testsuites><testsuite name="pytest" errors="0" failures="0" skipped="0" tests="13" time="34.909" timestamp="2022-03-31T10:10:40.694136" hostname="DESKTOP-SE506CG"><testcase classname="yoink.tests.test_basic.BasicTestCase" name="test_000_comic_generates_valid_markup" time="1.371" /><testcase classname="yoink.tests.test_basic.BasicTestCase" name="test_001_comic_has_valid_title" time="1.073" /><testcase classname="yoink.tests.test_basic.BasicTestCase" name="test_002_comic_has_valid_category" time="0.989" /><testcase classname="yoink.tests.test_basic.BasicTestCase" name="test_003_empty_comic_folder" time="0.546" /><testcase classname="yoink.tests.test_basic.BasicTestCase" name="test_004_comic_folder_created_and_populated" time="17.039" /><testcase classname="yoink.tests.test_basic.BasicTestCase" name="test_005_comic_archive_generated" time="4.318" /><testcase classname="yoink.tests.test_basic.BasicTestCase" name="test_006_folder_cleaned_after_archive_generation" time="1.199" /><testcase classname="yoink.tests.test_basic.BasicTestCase" name="test_007_comic_instance_has_archiver" time="0.714" /><testcase classname="yoink.tests.test_basic.BasicTestCase" name="test_008_comic_is_subclass_scrapable" time="1.022" /><testcase classname="yoink.tests.test_basic.BasicTestCase" name="test_009_invalid_comic_link" time="1.263" /><testcase classname="yoink.tests.test_basic.BasicTestCase" name="test_010_valid_issue_number" time="2.554" /><testcase classname="yoink.tests.test_basic.BasicTestCase" name="test_011_has_next_link" time="1.275" /><testcase classname="yoink.tests.test_basic.BasicTestCase" name="test_012_has_prev_link" time="1.101" /></testsuite></testsuites>